<?xml version="1.0" encoding="ISO-8859-1"?>
<category name="NODE CONFIGURATION">
  <subcategory name="Physical Layer" class="interface,device,atmdevice">
    <variable name="Listenable Channel Mask" key="PHY-LISTENABLE-CHANNEL-MASK" type="Mask" default="1" help="Channels the radio is capable of listening to." format="MaskArray" length="PROPAGATION-CHANNEL-FREQUENCY.length" addon="wireless" visibilityrequires="[DUMMY-INTERFACE-TYPE] == 'SUBNET-WIRELESS' || [DUMMY-INTERFACE-TYPE] == 'SUBNET-ADVANCE-SATELLITE'"/>
    <variable name="Listening Channel Mask" key="PHY-LISTENING-CHANNEL-MASK" type="Mask" default="1" help="Channels the radio is currently listening to.  Can be changed during run time." format="MaskArray" length="PROPAGATION-CHANNEL-FREQUENCY.length" addon="wireless" visibilityrequires="[DUMMY-INTERFACE-TYPE] == 'SUBNET-WIRELESS' || [DUMMY-INTERFACE-TYPE] == 'SUBNET-ADVANCE-SATELLITE'"/>
    <variable name="Channel Switching Channel Mask" key="PHY-CHANSWITCH-CHANNEL-MASK" type="Mask" default="01000010000100" help="Channels to be used for channel switching." format="MaskArray" length="PROPAGATION-CHANNEL-FREQUENCY.length" addon="wireless" visibilityrequires="[DUMMY-INTERFACE-TYPE] == 'SUBNET-WIRELESS' || [DUMMY-INTERFACE-TYPE] == 'SUBNET-ADVANCE-SATELLITE'"/>
    <variable key="MAC-DOT11-CHANSWITCH-INTERVAL" type="Fixed" name="Channel Switching Interval (seconds)" default="5" />
    <variable key="MAC-DOT11-CHANSWITCH-MASTER" type="Selection" name="Channel Switching Master Switch" default="NO">
      <option value="NO" name="No" />
      <option value="YES" name="Yes" />
    </variable>
    <variable key="MAC-DOT11-CHANSWITCH-INITIAL" type="Selection" name="Initial Channel Switch Using SINR" default="NO">
      <option value="NO" name="No" />
      <option value="YES" name="Yes" />
    </variable>
    <variable key="MAC-DOT11-CHANSWITCH-AFTER-START" type="Selection" name="Switch Channels After Start" default="NO">
      <option value="NO" name="No" />
      <option value="YES" name="Yes" />
    </variable>
    <variable name="Radio Type" key="PHY-MODEL" type="Selection" default="PHY802.11b" visibilityrequires="[DUMMY-INTERFACE-TYPE] == 'SUBNET-WIRELESS' || [DUMMY-INTERFACE-TYPE] == 'SUBNET-ADVANCE-SATELLITE'">
      <option value="None" name="None" />
      <option value="PHY802.11a" name="802.11a/g Radio" addon="wireless">
        <variable key="PHY802.11-AUTO-RATE-FALLBACK" type="Selection" name="Enable Auto Rate Fallback" default="NO">
          <option value="NO" name="No">
            <variable key="PHY802.11-DATA-RATE" type="Fixed multiplier" name="Data Rate" default="6 Mbps" help="bandwidth in bps. supported data rates: 6Mbps, 9Mbps, 12Mbps, 18Mbps, 24Mbps, 36Mbps, 48Mbps, 54Mbps" unit="bps" maxunit="Gbps" minunit="bps" />
          </option>
          <option value="YES" name="Yes">
            <variable key="DUMMY-PHY802.11-DATA-RATE-FOR-BROADCAST" type="Selection" name="Specify Broadcast Data Rate" default="Not Applicable">
              <option value="Not Applicable" name="No" />
              <option value="YES" name="Yes">
                <variable key="PHY802.11-DATA-RATE-FOR-BROADCAST" type="Fixed multiplier" name="Broadcast Data Rate" default="54 Mbps" help="bandwidth in bps. supported data rates: 6Mbps, 9Mbps, 12Mbps, 18Mbps, 24Mbps, 36Mbps, 48Mbps, 54Mbps" unit="bps" maxunit="Gbps" minunit="bps" />
              </option>
            </variable>
          </option>
        </variable>
        <variable key="PHY802.11a-TX-POWER--6MBPS" type="Fixed" name="Transmission Power at 6 Mbps (dBm)" default="20.0" />
        <variable key="PHY802.11a-TX-POWER--9MBPS" type="Fixed" name="Transmission Power at 9 Mbps (dBm)" default="20.0" />
        <variable key="PHY802.11a-TX-POWER-12MBPS" type="Fixed" name="Transmission Power at 12 Mbps (dBm)" default="19.0" />
        <variable key="PHY802.11a-TX-POWER-18MBPS" type="Fixed" name="Transmission Power at 18 Mbps (dBm)" default="19.0" />
        <variable key="PHY802.11a-TX-POWER-24MBPS" type="Fixed" name="Transmission Power at 24 Mbps (dBm)" default="18.0" />
        <variable key="PHY802.11a-TX-POWER-36MBPS" type="Fixed" name="Transmission Power at 36 Mbps (dBm)" default="18.0" />
        <variable key="PHY802.11a-TX-POWER-48MBPS" type="Fixed" name="Transmission Power at 48 Mbps (dBm)" default="16.0" />
        <variable key="PHY802.11a-TX-POWER-54MBPS" type="Fixed" name="Transmission Power at 54 Mbps (dBm)" default="16.0" />
        <variable key="PHY802.11a-RX-SENSITIVITY--6MBPS" type="Fixed" name="Receive Sensitivity at 6 Mbps (dBm)" default="-85.0" />
        <variable key="PHY802.11a-RX-SENSITIVITY--9MBPS" type="Fixed" name="Receive Sensitivity at 9 Mbps (dBm)" default="-85.0" />
        <variable key="PHY802.11a-RX-SENSITIVITY-12MBPS" type="Fixed" name="Receive Sensitivity at 12 Mbps (dBm)" default="-83.0" />
        <variable key="PHY802.11a-RX-SENSITIVITY-18MBPS" type="Fixed" name="Receive Sensitivity at 18 Mbps (dBm)" default="-83.0" />
        <variable key="PHY802.11a-RX-SENSITIVITY-24MBPS" type="Fixed" name="Receive Sensitivity at 24 Mbps (dBm)" default="-78.0" />
        <variable key="PHY802.11a-RX-SENSITIVITY-36MBPS" type="Fixed" name="Receive Sensitivity at 36 Mbps (dBm)" default="-78.0" />
        <variable key="PHY802.11a-RX-SENSITIVITY-48MBPS" type="Fixed" name="Receive Sensitivity at 48 Mbps (dBm)" default="-69.0" />
        <variable key="PHY802.11a-RX-SENSITIVITY-54MBPS" type="Fixed" name="Receive Sensitivity at 54 Mbps (dBm)" default="-69.0" />
        <variable key="PHY802.11-ESTIMATED-DIRECTIONAL-ANTENNA-GAIN" type="Fixed" name="Estimated Directional Antenna Gain (dB)" default="15.0" />
        <variable key="PHY-RX-MODEL" type="Selection" name="Packet Reception Model" default="PHY802.11a">
          <option value="BER-BASED" name="BER-based Reception Model" help="If specified, the Simulator will look up Bit Error Rate (BER) in the SNR - BER table specified by BER-TABLE-FILE.">
            <variable name="Number of BER Tables" key="NUM-PHY-RX-BER-TABLE-802.11a" default="8" type="Array" disable="true">
              <variable key="PHY-RX-BER-TABLE-FILE" type="File" name="BER Table" default="[Required]" filetype="ber" />
            </variable>
          </option>
          <option value="PHY802.11a" name="PHY802.11a Reception Model" />
        </variable>
      </option>
      <option value="PHY_CHANSWITCH" name="Channel Switching" addon="wireless">
        <variable key="PHY_CHANSWITCH-AUTO-RATE-FALLBACK" type="Selection" name="Enable Auto Rate Fallback" default="NO">
          <option value="NO" name="No">
            <variable key="PHY_CHANSWITCH-DATA-RATE" type="Fixed multiplier" name="Data Rate" default="6 Mbps" help="bandwidth in bps. supported data rates: 6Mbps, 9Mbps, 12Mbps, 18Mbps, 24Mbps, 36Mbps, 48Mbps, 54Mbps" unit="bps" maxunit="Gbps" minunit="bps" />
          </option>
          <option value="YES" name="Yes">
            <variable key="DUMMY-PHY_CHANSWITCH-DATA-RATE-FOR-BROADCAST" type="Selection" name="Specify Broadcast Data Rate" default="Not Applicable">
              <option value="Not Applicable" name="No" />
              <option value="YES" name="Yes">
                <variable key="PHY802.11-DATA-RATE-FOR-BROADCAST" type="Fixed multiplier" name="Broadcast Data Rate" default="54 Mbps" help="bandwidth in bps. supported data rates: 6Mbps, 9Mbps, 12Mbps, 18Mbps, 24Mbps, 36Mbps, 48Mbps, 54Mbps" unit="bps" maxunit="Gbps" minunit="bps" />
              </option>
            </variable>
          </option>
        </variable>
        <variable key="PHY_CHANSWITCH-TX-POWER--6MBPS" type="Fixed" name="Transmission Power at 6 Mbps (dBm)" default="20.0" />
        <variable key="PHY_CHANSWITCH-TX-POWER--9MBPS" type="Fixed" name="Transmission Power at 9 Mbps (dBm)" default="20.0" />
        <variable key="PHY_CHANSWITCH-TX-POWER-12MBPS" type="Fixed" name="Transmission Power at 12 Mbps (dBm)" default="19.0" />
        <variable key="PHY_CHANSWITCH-TX-POWER-18MBPS" type="Fixed" name="Transmission Power at 18 Mbps (dBm)" default="19.0" />
        <variable key="PHY_CHANSWITCH-TX-POWER-24MBPS" type="Fixed" name="Transmission Power at 24 Mbps (dBm)" default="18.0" />
        <variable key="PHY_CHANSWITCH-TX-POWER-36MBPS" type="Fixed" name="Transmission Power at 36 Mbps (dBm)" default="18.0" />
        <variable key="PHY_CHANSWITCH-TX-POWER-48MBPS" type="Fixed" name="Transmission Power at 48 Mbps (dBm)" default="16.0" />
        <variable key="PHY_CHANSWITCH-TX-POWER-54MBPS" type="Fixed" name="Transmission Power at 54 Mbps (dBm)" default="16.0" />
        <variable key="PHY_CHANSWITCH-RX-SENSITIVITY--6MBPS" type="Fixed" name="Receive Sensitivity at 6 Mbps (dBm)" default="-85.0" />
        <variable key="PHY_CHANSWITCH-RX-SENSITIVITY--9MBPS" type="Fixed" name="Receive Sensitivity at 9 Mbps (dBm)" default="-85.0" />
        <variable key="PHY_CHANSWITCH-RX-SENSITIVITY-12MBPS" type="Fixed" name="Receive Sensitivity at 12 Mbps (dBm)" default="-83.0" />
        <variable key="PHY_CHANSWITCH-RX-SENSITIVITY-18MBPS" type="Fixed" name="Receive Sensitivity at 18 Mbps (dBm)" default="-83.0" />
        <variable key="PHY_CHANSWITCH-RX-SENSITIVITY-24MBPS" type="Fixed" name="Receive Sensitivity at 24 Mbps (dBm)" default="-78.0" />
        <variable key="PHY_CHANSWITCH-RX-SENSITIVITY-36MBPS" type="Fixed" name="Receive Sensitivity at 36 Mbps (dBm)" default="-78.0" />
        <variable key="PHY_CHANSWITCH-RX-SENSITIVITY-48MBPS" type="Fixed" name="Receive Sensitivity at 48 Mbps (dBm)" default="-69.0" />
        <variable key="PHY_CHANSWITCH-RX-SENSITIVITY-54MBPS" type="Fixed" name="Receive Sensitivity at 54 Mbps (dBm)" default="-69.0" />
        <variable key="PHY802.11-ESTIMATED-DIRECTIONAL-ANTENNA-GAIN" type="Fixed" name="Estimated Directional Antenna Gain (dB)" default="15.0" />
        <variable key="PHY-RX-MODEL" type="Selection" name="Packet Reception Model" default="PHY_CHANSWITCH">
          <!--
                    <option value="BER-BASED" name="BER-based Reception Model" help="If specified, the Simulator will look up Bit Error Rate (BER) in the SNR - BER table specified by BER-TABLE-FILE.">
                        <variable name="Number of BER Tables" key="NUM-PHY-RX-BER-TABLE-802.11a" default="8" type="Array" disable="true">
                            <variable key="PHY-RX-BER-TABLE-FILE" type="File" name="BER Table" default="[Required]" filetype="ber" />
                        </variable>
                    </option>
										-->
          <option value="PHY802.11a" name="PHY802.11a Reception Model" />
          <option value="PHY_CHANSWITCH" name="Channel Switching Reception Model" />
        </variable>
      </option>
      <option value="PHY802.11b" name="802.11b Radio" addon="wireless">
        <variable key="PHY802.11-AUTO-RATE-FALLBACK" type="Selection" name="Enable Auto Rate Fallback" default="NO">
          <option value="NO" name="No">
            <variable key="PHY802.11-DATA-RATE" type="Fixed multiplier" name="Data Rate" default="2 Mbps" help="bandwidth in bps. supported data rates: 1Mbps, 2Mbps, 5.5Mbps, 11Mbps" unit="bps" maxunit="Gbps" minunit="bps" />
          </option>
          <option value="YES" name="Yes">
            <variable key="DUMMY-PHY802.11-DATA-RATE-FOR-BROADCAST" type="Selection" name="Specify Broadcast Data Rate" default="NO">
              <option value="NO" name="No" />
              <option value="YES" name="Yes">
                <variable key="PHY802.11-DATA-RATE-FOR-BROADCAST" type="Fixed multiplier" name="Broadcast Data Rate" default="2 Mbps" help="bandwidth in bps. supported data rates: 1Mbps, 2Mbps, 5.5Mbps, 11Mbps" unit="bps" maxunit="Gbps" minunit="bps" />
              </option>
            </variable>
          </option>
        </variable>
        <variable key="PHY802.11b-TX-POWER--1MBPS" type="Fixed" name="Transmission Power at 1 Mbps (dBm)" default="15.0" />
        <variable key="PHY802.11b-TX-POWER--2MBPS" type="Fixed" name="Transmission Power at 2 Mbps (dBm)" default="15.0" />
        <variable key="PHY802.11b-TX-POWER--6MBPS" type="Fixed" name="Transmission Power at 6 Mbps (dBm)" default="15.0" />
        <variable key="PHY802.11b-TX-POWER-11MBPS" type="Fixed" name="Transmission Power at 11 Mbps (dBm)" default="15.0" />
        <variable key="PHY802.11b-RX-SENSITIVITY--1MBPS" type="Fixed" name="Receive Sensitivity at 1 Mbps (dBm)" default="-94.0" />
        <variable key="PHY802.11b-RX-SENSITIVITY--2MBPS" type="Fixed" name="Receive Sensitivity at 2 Mbps (dBm)" default="-91.0" />
        <variable key="PHY802.11b-RX-SENSITIVITY--6MBPS" type="Fixed" name="Receive Sensitivity at 6 Mbps (dBm)" default="-87.0" />
        <variable key="PHY802.11b-RX-SENSITIVITY-11MBPS" type="Fixed" name="Receive Sensitivity at 11 Mbps (dBm)" default="-83.0" />
        <variable key="PHY802.11-ESTIMATED-DIRECTIONAL-ANTENNA-GAIN" type="Fixed" name="Estimated Directional Antenna Gain (dB)" default="15.0" />
        <variable key="PHY-RX-MODEL" type="Selection" name="Packet Reception Model" default="PHY802.11b">
          <option value="BER-BASED" name="BER-based Reception Model" help="If specified, the Simulator will look up Bit Error Rate (BER) in the SNR - BER table specified by BER-TABLE-FILE.">
            <variable name="Number of BER Tables" key="NUM-PHY-RX-BER-TABLE-802.11b" default="4" type="Array" disable="true" >
              <variable key="PHY-RX-BER-TABLE-FILE" type="File" name="BER Table" default="[Required]" filetype="ber" />
            </variable>
          </option>
          <option value="PHY802.11b" name="PHY802.11b Reception Model" />
        </variable>
      </option>
      <option value="PHY802.16" name="802.16 Radio" addon="advanced_wireless">
        <variable name="Transmission Power (dBm)" key="PHY802.16-TX-POWER" type="Fixed" default="20.0" help="transmission power in dBm" />
        <variable name="Channel Bandwidth (Hz)" key="PHY802.16-CHANNEL-BANDWIDTH" type="Fixed multiplier" unit="Hz" default="20 MHz" invisible="device,interface" />
        <variable name="FFT Size" key="PHY802.16-FFT-SIZE" type="Selection" default="2048" invisible="device,interface">
          <option value="2048" name="2048" />
          <option value="1024" name="1024" />
          <option value="512" name="512" />
          <option value="128" name="128" />
        </variable>
        <variable name="Cyclic Prefix Factor" key="PHY802.16-CYCLIC-PREFIX" type="Selection" default="8.0" invisible="device,interface">
          <option value="4.0" name="4.0" />
          <option value="8.0" name="8.0" />
          <option value="16.0" name="16.0" />
          <option value="32.0" name="32.0" />
        </variable>
        <variable name="Packet Reception Model" key="PHY-RX-MODEL" type="Selection" default="PHY802.16">
          <option value="PHY802.16" name="PHY802.16 Reception Model" />
        </variable>
      </option>
      <option value="PHY802.15.4" name="802.15.4 Radio" addon="sensor_networks">
        <variable name="Transmission Power (dBm)" key="PHY802.15.4-TX-POWER" type="Fixed" default="3.0" help="transmission power in dBm" />
        <variable key="PHY-RX-MODEL" type="Selection" name="Packet Reception Model" default="PHY802.15.4">
          <option value="PHY802.15.4" name="PHY802.15.4 Reception Model" />
        </variable>
        <variable name="Modulation Scheme" key="PHY802.15.4-MODULATION" type="Selection" default="O-QPSK" >
          <option value="BPSK" name="BPSK" />
          <option value="ASK" name="ASK" />
          <option value="O-QPSK" name="O-QPSK" />
        </variable>
        <variable name="CCA Mode" key="PHY802.15.4-CCA-MODE" type="Selection" default="CARRIER-SENSE" >
          <option value="CARRIER-SENSE" name="Carrier Sense" />
          <option value="ENERGY-ABOVE-THRESHOLD" name="Energy above Threshold" />
          <option value="CARRIER-SENSE-WITH-ENERGY-ABOVE-THRESHOLD" name="Carrier Sense with Energy above Threshold" />
        </variable>
      </option>
      <option value="PHY-GSM" name="GSM" addon="cellular">
        <variable key="PHY-GSM-DATA-RATE" type="Fixed multiplier" name="Data Rate" default="270.833 kbps" help="bandwidth in bps" unit="bps" maxunit="Gbps" minunit="bps" />
        <variable key="PHY-GSM-TX-POWER" type="Fixed" name="Transmission Power (dBm)" default="15.0" help="transmission power in dBm" />
        <variable key="PHY-GSM-RX-SENSITIVITY" type="Fixed" name="Receive Sensitivity (dBm)" default="-91.0" help="sensitivity in dBm" />
        <variable key="PHY-GSM-RX-THRESHOLD" type="Fixed" name="Receive Threshold (dBm)" default="-92.0" help="Minimum power for received packet (in dBm)" />
        <variable key="PHY-RX-MODEL" type="Selection" name="Packet Reception Model" default="BER-BASED">
          <option value="BER-BASED" name="BER-based Reception Model" help="If specified, the Simulator will look up Bit Error Rate (BER) in the SNR - BER table specified by BER-TABLE-FILE.">
            <variable name="Number of BER Tables" key="NUM-PHY-RX-BER-TABLE-GSM" default="1" type="Array" disable="true">
              <variable key="PHY-RX-BER-TABLE-FILE" type="File" name="BER Table" default="[Required]" filetype="ber" />
            </variable>
          </option>
        </variable>
      </option>
      <option value="PHY-CELLULAR" name="Cellular PHY" addon="umts">
        <variable name="Cellular PHY Model" key="CELLULAR-PHY-MODEL" type="Selection" default="PHY-UMTS" help="Select a specific cellular PHY model">
          <option value="PHY-UMTS" name="UMTS PHY Model" help="WCDMA PHY model of UMTS" >
            <variable name="Maximum Transmission Power (dBm)" key="PHY-UMTS-MAX-TX-POWER" type="Fixed" default="30.0" help="Maximum transmission power in dBm" />
            <variable name="Minimum Transmission Power (dBm)" key="PHY-UMTS-MIN-TX-POWER" type="Fixed" default="-30.0" help="Minimum transmission power in dBm" />
            <variable name="Enable HSDPA Capability" key="PHY-UMTS-HSDPA-CAPABLE" type="Selection" default="NO" help="Is the UMTS radio HSDPA capable?">
              <option value="NO" name="No" />
              <option value="YES" name="Yes" />
            </variable>
            <variable name="Packet Reception Model" key="PHY-RX-MODEL" type="Selection" default="PHY-UMTS">
              <option value="PHY-UMTS" name="PHY UMTS" />
            </variable>
            <variable name="Specify Downlink Scrambling Code Set" key="DUMMY-PHY-UMTS-NodeB-SCRAMBLING-CODE-SET" type="Selection" default="N/A" help="Specify the downlink scrambling code set index for a NodeB" >
              <option value="N/A" name="No" />
              <option value="YES" name="Yes">
                <variable name="Scrambling Code Set Index" key="PHY-UMTS-NodeB-SCRAMBLING-CODE-SET-INDEX" type="Integer" default="0" min="0" max="511" />
              </option>
            </variable>
          </option>
        </variable>
      </option>
      <option value="PHY-ABSTRACT" name="Abstract" addon="wireless">
        <variable key="PHY-ABSTRACT-DATA-RATE" type="Fixed multiplier" name="Data Rate" default="2 Mbps" help="bandwidth in bps" unit="bps" maxunit="Gbps" minunit="bps" />
        <variable name="Bandwidth" key="PHY-ABSTRACT-BANDWIDTH" type="Fixed multiplier" addon="boeingfcs" default="2 Mbps" help="channel bandwidth in bps" unit="bps" maxunit="Gbps" minunit="bps" />
        <variable key="PHY-ABSTRACT-TX-POWER" type="Fixed" name="Transmission Power (dBm)" default="15.0" help="transmission power in dBm" />
        <variable key="PHY-ABSTRACT-RX-SENSITIVITY" type="Fixed" name="Reception Sensitivity (dBm)" default="-91.0" help="sensitivity in dBm" />
        <variable key="PHY-ABSTRACT-RX-THRESHOLD" type="Fixed" name="Reception Threshold (dBm)" default="-81.0" help="Minimum power for received packet (in dBm)" />
        <variable key="PHY-RX-MODEL" type="Selection" name="Packet Reception Model" default="SNR-THRESHOLD-BASED">
          <option value="SNR-THRESHOLD-BASED" name="SNR-based Reception Model" help="If the Signal to Noise Ratio (SNR) is more than the SNR Threshold (in dB), it receives the signal without error. Otherwise the packet is dropped.">
            <variable key="PHY-RX-SNR-THRESHOLD" type="Fixed" name="SNR Threshold" default="10.0" />
          </option>
          <option value="BER-BASED" name="BER-based Reception Model" help="If specified, the Simulator will look up Bit Error Rate (BER) in the SNR - BER table specified by BER-TABLE-FILE.">
            <variable name="Number of BER Tables" key="NUM-PHY-RX-BER-TABLE-ABSTRACT" default="1" type="Array" disable="true">
              <variable key="PHY-RX-BER-TABLE-FILE" type="File" name="BER Table" default="[Required]" filetype="ber" />
            </variable>
          </option>
        </variable>
      </option>
      <option value="FCSC-PROTOTYPE" name="FCSC Prototype" addon="military">
        <variable key="PHY-FCSC-DATA-RATE" type="Fixed multiplier" name="Data Rate" default="2 Mbps" help="bandwidth in bps" unit="bps" maxunit="Gbps" minunit="bps" />
        <variable key="PHY-FCSC-TX-POWER" type="Fixed" name="Transmission Power (dBm)" default="15.0" help="transmission power in dBm" />
        <variable key="PHY-FCSC-RX-SENSITIVITY" type="Fixed" name="Receive Sensitivity (dBm)" default="-91.0" help="sensitivity in dBm" />
        <variable key="PHY-FCSC-RX-THRESHOLD" type="Fixed" name="Receive Threshold (dBm)" default="-81.0" help="Minimum power for received packet (in dBm)" />
        <variable key="PHY-RX-MODEL" type="Selection" name="Packet Reception Model" default="SNR-THRESHOLD-BASED">
          <option value="SNR-THRESHOLD-BASED" name="SNR-based Reception Model" help="If the Signal to Noise Ratio (SNR) is more than the SNR Threshold (in dB), it receives the signal without error. Otherwise the packet is dropped.">
            <variable key="PHY-RX-SNR-THRESHOLD" type="Fixed" name="SNR Threshold" default="10.0" />
          </option>
        </variable>
      </option>
      <option value="SATELLITE-RSV" name="Satellite RSV PHY" addon="satellite">
        <variable name="Channel Bandwidth" help="Hz" key="PHY-SATELLITE-RSV-CHANNEL-BANDWIDTH" type="Fixed multiplier" unit="Hz" default="1280 KHz" />
        <variable name="Preamble Size" help="symbols multiple of 8" key="PHY-SATELLITE-RSV-PREAMBLE-SIZE" type="Integer" default="64" />
        <variable name="R-S Shorten Last Codeword" key="PHY-SATELLITE-RSV-USE-SHORTEN-LAST-CODEWORD" type="Selection" default="YES">
          <option value="YES" name="Shorten Last Codeword" />
          <option value="NO" name="Do Not Shorten Last Codeword" />
        </variable>
        <variable name="R-S Block And Code Size" key="PHY-SATELLITE-RSV-BLOCK-CODING" type="Selection" default="REED-SOLOMON-204-188">
          <option value="REED-SOLOMON-204-188" name="REED-SOLOMON-204-188" />
        </variable>
        <variable name="Modulation Profile" key="PHY-SATELLITE-RSV-TRANSMISSION-MODE" type="Selection" default="BPSK">
          <option value="BPSK" name="BPSK" />
          <option value="QPSK" name="QPSK" />
          <option value="8PSK" name="8PSK" />
        </variable>
        <variable name="Convolutional Coding Profile" key="PHY-SATELLITE-RSV-CONVOLUTIONAL-CODING" type="Selection" default="VITERBI-1-2">
          <option value="VITERBI-1-2" name="VITERBI-1-2" />
          <option value="VITERBI-2-3" name="VITERBI-2-3" />
          <option value="VITERBI-3-4" name="VITERBI-3-4" />
          <option value="VITERBI-5-6" name="VITERBI-5-6" />
          <option value="VITERBI-7-8" name="VITERBI-7-8" />
          <option value="VITERBI-8-9" name="VITERBI-8-9" />
        </variable>
        <variable name="Guard Time" key="PHY-SATELLITE-RSV-GUARD-TIME" type="Time" default="10US" />
        <variable name="Adjacent Channel Interference" help="dB" key="PHY-SATELLITE-RSV-ADJACENT-CHANNEL-INTERFERENCE" type="Fixed" default="18.0" />
        <variable name="Adjacent Satellite Inteference" help="dB" key="PHY-SATELLITE-RSV-ADJACENT-SATELLITE-INTERFERENCE" type="Fixed" default="30.0" />
        <variable name="Intermodulation Distortion" help="dB" key="PHY-SATELLITE-RSV-INTERMODULATION-INTERFERENCE" type="Fixed" default="25.0" />
        <variable name="Receiver Threshold" help="dB" key="PHY-SATELLITE-RSV-EBNO-THRESHOLD" type="Fixed" default="7.0" />
        <variable name="Error Model" key="PHY-RX-MODEL" default="SNR-THRESHOLD-BASED" type="Selection">
          <option value="SNR-THRESHOLD-BASED" name="SNR-based Reception Model" />
        </variable>
        <variable name="Error Threshold" help="dB" key="PHY-RX-SNR-THRESHOLD" type="Fixed" default="7.0"/>
      </option>
      <option value="PHY-SPAWAR-LINK16" name="LINK-16 Radio" addon="link16">
        <variable name="Data Rate" key="PHY-SPAWAR-LINK16-DATA-RATE" type="Fixed multiplier" default="5 Mbps" help="bandwidth in bps" unit="bps" />
        <variable name="Transmission Power (dBm)" key="PHY-SPAWAR-LINK16-TX-POWER" type="Fixed" default="15.0" help="radio transmission power in dBm" />
        <variable name="Receive Sensitivity (dBm)" key="PHY-SPAWAR-LINK16-RX-SENSITIVITY" type="Fixed" default="-91.0" help="sensitivity of the radio in dBm" />
        <variable name="Receive Threshold (dBm)" key="PHY-SPAWAR-LINK16-RX-THRESHOLD" type="Fixed" default="-81.0" help="Minimum power for received packet (in dBm)" />
      </option>
      <option value="PHY-JTRS-WNW" name="JTRS-WNW" addon="military">
        <variable key="PHY-JTRS-DATA-RATE" type="Fixed multiplier" name="Data Rate" default="2 Mbps" help="bandwidth in bps" unit="bps" maxunit="Gbps" minunit="bps" />
        <variable key="PHY-JTRS-CHANNEL-BANDWIDTH" type="Fixed" name="Channel Bandwidth (Hz)" default="3753738" help="bandwidth in Hz" />
        <variable key="PHY-JTRS-TX-POWER" type="Fixed" name="Transmission Power (dBm)" default="43.0" help="transmission power in dBm" />
        <variable key="PHY-JTRS-RX-SENSITIVITY" type="Fixed" name="Receive Sensitivity (dBm)" default="-100.2" help="sensitivity in dBm" />
        <variable key="PHY-JTRS-RX-THRESHOLD" type="Fixed" name="Receive Threshold (dBm)" default="-96.2" help="Minimum power for received packet (in dBm)" />
        <variable key="PHY-RX-MODEL" type="Selection" name="Packet Reception Model" default="SNR-THRESHOLD-BASED">
          <option value="SNR-THRESHOLD-BASED" name="SNR-threshold-based Reception Model" help="If the Signal to Noise Ratio (SNR) is more than the SNR Threshold (in dB), it receives the signal without error. Otherwise the packet is dropped.">
            <variable key="PHY-RX-SNR-THRESHOLD" type="Fixed" name="SNR threshold" default="6.0" />
          </option>
          <option value="BER-BASED" name="BER-based Reception Model" help="If specified, the Simulator will look up Bit Error Rate (BER) in the SNR - BER table specified by BER-TABLE-FILE.">
            <variable name="Number of BER Tables" key="NUM-PHY-RX-BER-TABLE-JTRS" default="1" type="Array" disable="true">
              <variable key="PHY-RX-BER-TABLE-FILE" type="File" name="BER Table" default="[Required]" filetype="ber" />
            </variable>
          </option>
        </variable>
      </option>
    </variable>
    <variable name="Specify Antenna Model from File" key="DUMMY-ANTENNA-MODEL-CONFIG-FILE-SPECIFY" type="Selection" default="NO" addon="wireless" visibilityrequires="[DUMMY-INTERFACE-TYPE] == 'SUBNET-WIRELESS' || [DUMMY-INTERFACE-TYPE] == 'SUBNET-ADVANCE-SATELLITE'" keyvisible="false">
      <option value="NO" name="No">
        <variable name="Antenna Gain (dB)" key="ANTENNA-GAIN" type="Fixed" default="0.0" help="antenna gain in dB" />
        <variable name="Antenna Height (meters)" key="ANTENNA-HEIGHT" type="Fixed" default="1.5" help="antenna height in meters" />
        <variable name="Antenna Efficiency (dB)" key="ANTENNA-EFFICIENCY" type="Fixed" default="0.8" help="efficiency of the antenna" />
        <variable name="Antenna Mismatch Loss (dB)" key="ANTENNA-MISMATCH-LOSS" type="Fixed" default="0.3" help="antenna mismatch loss in dB" />
        <variable name="Antenna Cable Loss (dB)" key="ANTENNA-CABLE-LOSS" type="Fixed" default="0.0" help="antenna cable loss in dB" />
        <variable name="Antenna Connection Loss (dB)" key="ANTENNA-CONNECTION-LOSS" type="Fixed" default="0.2" help="antenna connection loss in dB" />
        <variable name="Antenna Model" key="ANTENNA-MODEL" type="Selection" default="OMNIDIRECTIONAL">
          <option value="OMNIDIRECTIONAL" name="Omnidirectional" >
          </option>
          <option value="SWITCHED-BEAM" name="Switched Beam" addon="wireless">
            <variable name="Antenna Azimuth Pattern File" key="ANTENNA-AZIMUTH-PATTERN-FILE" type="File" default="[Required]" filetype="antenna-azimuth" />
            <variable name="Antenna Elevation Pattern File" key="ANTENNA-ELEVATION-PATTERN-FILE" type="File" default="[Optional]" optional="true" filetype="antenna-elevation" />
          </option>
          <option value="STEERABLE" name="Steerable" addon="wireless">
            <variable key="ANTENNA-AZIMUTH-PATTERN-FILE" type="File" name="Antenna Azimuth Pattern File" default="[Required]" filetype="antenna-azimuth" />
            <variable key="ANTENNA-ELEVATION-PATTERN-FILE" type="File" name="Antenna Elevation Pattern File" default="[Optional]" optional="true" filetype="antenna-elevation" />
          </option>
        </variable>
      </option>
      <option value="YES" name="Yes">
        <variable name="Antenna Model" key="ANTENNA-MODEL" type="SelectionDynamic" default="None"  help="Please go to Tools->Antenna Model Editor to load the antenna model file" dynamicantennamodels="true"/>
      </option>
    </variable>
    <variable name="Temperature (K)" key="PHY-TEMPERATURE" type="Fixed" default="290.0" help="Temperature of the environment in K" addon="wireless" visibilityrequires="[DUMMY-INTERFACE-TYPE] == 'SUBNET-WIRELESS' || [DUMMY-INTERFACE-TYPE] == 'SUBNET-ADVANCE-SATELLITE'"/>
    <variable name="Noise Factor (dB)" key="PHY-NOISE-FACTOR" type="Fixed" default="10.0" addon="wireless" visibilityrequires="[DUMMY-INTERFACE-TYPE] == 'SUBNET-WIRELESS' || [DUMMY-INTERFACE-TYPE] == 'SUBNET-ADVANCE-SATELLITE'"/>
    <variable name="Energy Model" key="ENERGY-MODEL-SPECIFICATION" type="Selection" default="NONE" visibilityrequires="[DUMMY-INTERFACE-TYPE] == 'SUBNET-WIRELESS' || [DUMMY-INTERFACE-TYPE] == 'SUBNET-ADVANCE-SATELLITE'">
      <option value="NONE" name="None" />
      <option value="MICA-MOTES" name="Mica-Motes" />
      <option value="MICAZ" name="MicaZ" />
      <option value="USER-DEFINED" name="User Specified" >
        <variable name="Transmission Current Load (mAmp)" key="ENERGY-TX-CURRENT-LOAD" type="Fixed" default="280.0" />
        <variable name="Reception Load (mAmp)" key="ENERGY-RX-CURRENT-LOAD" type="Fixed" default="204.0" />
        <variable name="Idle Current Load (mAmp)" key="ENERGY-IDLE-CURRENT-LOAD" type="Fixed" default="178.0" />
        <variable name="Sleep Current Load (mAmp)" key="ENERGY-SLEEP-CURRENT-LOAD" type="Fixed" default="14.0" />
        <variable name="Supply Voltage of the Interface (volt)" key="ENERGY-OPERATIONAL-VOLTAGE" type="Fixed" default="3.0" />
      </option>
      <option value="GENERIC" name="Generic" >
        <variable name=" Power Amplifier Inefficiency Factor" key="ENERGY-POWER-AMPLIFIER-INEFFICIENCY-FACTOR" type="Fixed" default="6.5" />
        <variable name=" Transmit Circuitry Power Consumption (mW)" key="ENERGY-TRANSMIT-CIRCUITRY-POWER-CONSUMPTION" type="Fixed" default="100.0" />
        <variable name=" Receive Circuitry Power Consumption (mW)" key="ENERGY-RECEIVE-CIRCUITRY-POWER-CONSUMPTION" type="Fixed" default="130.0" />
        <variable name=" Idle Circuitry Power Consumption (mW)" key="ENERGY-IDLE-CIRCUITRY-POWER-CONSUMPTION" type="Fixed" default="120.0" />
        <variable name=" Sleep Circuitry Power Consumption (mW)" key="ENERGY-SLEEP-CIRCUITRY-POWER-CONSUMPTION" type="Fixed" default="0.0" />
        <variable name=" Supply Voltage (volt)" key="ENERGY-SUPPLY-VOLTAGE" type="Fixed" default="6.5" />
      </option>
    </variable>
  </subcategory>
</category>
